TN:
SF:src\main.jsx
FNF:0
FNH:0
DA:6,0
LF:1
LH:0
BRF:0
BRH:0
end_of_record
TN:
SF:src\api\httpClient.js
FN:3,http
FN:10,(anonymous_1)
FN:17,(anonymous_2)
FN:18,(anonymous_3)
FN:19,(anonymous_4)
FNF:5
FNH:4
FNDA:4,http
FNDA:0,(anonymous_1)
FNDA:2,(anonymous_2)
FNDA:1,(anonymous_3)
FNDA:1,(anonymous_4)
DA:4,4
DA:9,4
DA:10,1
DA:11,1
DA:13,3
DA:16,2
DA:17,2
DA:18,1
DA:19,1
LF:9
LH:9
BRDA:7,0,0,1
BRDA:7,0,1,3
BRDA:9,1,0,1
BRDA:9,1,1,3
BRDA:11,2,0,1
BRDA:11,2,1,0
BRDA:13,3,0,1
BRDA:13,3,1,2
BRF:8
BRH:7
end_of_record
TN:
SF:src\api\movimientosApi.js
FN:4,(anonymous_0)
FN:5,(anonymous_1)
FN:6,(anonymous_2)
FN:7,(anonymous_3)
FN:8,(anonymous_4)
FNF:5
FNH:4
FNDA:1,(anonymous_0)
FNDA:1,(anonymous_1)
FNDA:1,(anonymous_2)
FNDA:1,(anonymous_3)
FNDA:0,(anonymous_4)
DA:3,1
DA:4,1
DA:5,1
DA:6,1
DA:7,1
DA:8,0
LF:6
LH:5
BRF:0
BRH:0
end_of_record
TN:
SF:src\app\App.jsx
FN:9,App
FNF:1
FNH:0
FNDA:0,App
DA:10,0
DA:12,0
DA:19,0
LF:3
LH:0
BRDA:34,0,0,0
BRDA:34,0,1,0
BRF:2
BRH:0
end_of_record
TN:
SF:src\app\config.js
FNF:0
FNH:0
DA:1,2
LF:1
LH:1
BRDA:2,0,0,2
BRDA:2,0,1,2
BRF:2
BRH:2
end_of_record
TN:
SF:src\components\DonutChart.jsx
FN:5,DonutChart
FN:14,(anonymous_1)
FN:20,(anonymous_2)
FNF:3
FNH:3
FNDA:2,DonutChart
FNDA:2,(anonymous_1)
FNDA:2,(anonymous_2)
DA:3,1
DA:6,2
DA:7,1
DA:14,2
DA:21,2
LF:5
LH:5
BRDA:6,0,0,1
BRDA:6,0,1,1
BRF:2
BRH:2
end_of_record
TN:
SF:src\components\Header.jsx
FN:1,Header
FNF:1
FNH:1
FNDA:1,Header
DA:2,1
LF:1
LH:1
BRF:0
BRH:0
end_of_record
TN:
SF:src\components\KPIGrid.jsx
FN:1,KPIGrid
FN:4,(anonymous_1)
FNF:2
FNH:2
FNDA:1,KPIGrid
FNDA:4,(anonymous_1)
DA:2,1
DA:5,4
DA:13,1
LF:3
LH:3
BRDA:1,0,0,0
BRF:1
BRH:0
end_of_record
TN:
SF:src\components\MovimientoForm.jsx
FN:3,MovimientoForm
FN:10,(anonymous_1)
FN:24,(anonymous_2)
FN:32,(anonymous_3)
FN:37,(anonymous_4)
FN:41,(anonymous_5)
FNF:6
FNH:5
FNDA:8,MovimientoForm
FNDA:2,(anonymous_1)
FNDA:0,(anonymous_2)
FNDA:1,(anonymous_3)
FNDA:1,(anonymous_4)
FNDA:1,(anonymous_5)
DA:4,8
DA:5,8
DA:6,8
DA:7,8
DA:8,8
DA:10,8
DA:11,2
DA:12,2
DA:13,2
DA:14,1
DA:15,1
DA:18,8
DA:20,8
DA:24,0
DA:32,1
DA:37,1
DA:41,1
LF:17
LH:16
BRDA:12,0,0,2
BRDA:12,0,1,1
BRDA:12,1,0,2
BRDA:12,1,1,1
BRDA:13,2,0,1
BRDA:13,2,1,1
BRDA:15,3,0,1
BRDA:15,3,1,0
BRDA:28,4,0,8
BRDA:28,4,1,0
BRDA:33,5,0,8
BRDA:33,5,1,1
BRF:12
BRH:10
end_of_record
TN:
SF:src\components\MovimientosTable.jsx
FN:1,MovimientosTable
FN:6,(anonymous_1)
FN:9,(anonymous_2)
FN:16,(anonymous_3)
FNF:4
FNH:4
FNDA:2,MovimientosTable
FNDA:12,(anonymous_1)
FNDA:2,(anonymous_2)
FNDA:1,(anonymous_3)
DA:2,2
DA:6,12
DA:10,2
DA:16,1
LF:4
LH:4
BRDA:1,0,0,0
BRDA:14,1,0,2
BRDA:14,1,1,0
BRDA:15,2,0,2
BRDA:15,2,1,0
BRDA:19,3,0,2
BRDA:19,3,1,1
BRF:7
BRH:4
end_of_record
TN:
SF:src\components\Sidebar.jsx
FN:1,Sidebar
FNF:1
FNH:1
FNDA:1,Sidebar
DA:2,1
LF:1
LH:1
BRF:0
BRH:0
end_of_record
TN:
SF:src\components\StatCard.jsx
FN:1,StatCard
FNF:1
FNH:1
FNDA:3,StatCard
DA:2,3
DA:3,3
LF:2
LH:2
BRDA:9,0,0,3
BRDA:9,0,1,2
BRDA:10,1,0,1
BRDA:10,1,1,1
BRF:4
BRH:4
end_of_record
TN:
SF:src\domain\movimiento.js
FN:3,validarMovimiento
FNF:1
FNH:1
FNDA:7,validarMovimiento
DA:4,7
DA:5,7
DA:6,7
DA:7,7
DA:8,7
DA:9,7
DA:11,7
LF:7
LH:7
BRDA:5,0,0,2
BRDA:5,0,1,5
BRDA:5,1,0,7
BRDA:5,1,1,3
BRDA:7,2,0,2
BRDA:7,2,1,5
BRDA:7,3,0,7
BRDA:7,3,1,7
BRDA:8,4,0,1
BRDA:8,4,1,6
BRDA:8,5,0,7
BRDA:8,5,1,2
BRDA:9,6,0,1
BRDA:9,6,1,6
BRDA:9,7,0,7
BRDA:9,7,1,2
BRF:16
BRH:16
end_of_record
TN:
SF:src\domain\resumen.js
FN:1,formatResumen
FNF:1
FNH:1
FNDA:22,formatResumen
DA:2,22
DA:3,7
LF:2
LH:2
BRDA:2,0,0,15
BRDA:2,0,1,7
BRDA:4,1,0,7
BRDA:4,1,1,0
BRDA:5,2,0,7
BRDA:5,2,1,6
BRDA:6,3,0,7
BRDA:6,3,1,0
BRDA:7,4,0,7
BRDA:7,4,1,0
BRDA:8,5,0,7
BRDA:8,5,1,0
BRF:12
BRH:8
end_of_record
TN:
SF:src\hooks\useMovimientos.js
FN:7,useMovimientos
FN:13,(anonymous_1)
FN:27,(anonymous_2)
FN:45,(anonymous_3)
FN:58,(anonymous_4)
FN:60,(anonymous_5)
FNF:6
FNH:6
FNDA:14,useMovimientos
FNDA:6,(anonymous_1)
FNDA:2,(anonymous_2)
FNDA:1,(anonymous_3)
FNDA:4,(anonymous_4)
FNDA:10,(anonymous_5)
DA:8,14
DA:9,14
DA:10,14
DA:11,14
DA:13,14
DA:14,6
DA:15,6
DA:16,6
DA:17,6
DA:18,6
DA:19,6
DA:21,0
DA:23,6
DA:27,14
DA:28,2
DA:29,2
DA:31,1
DA:32,1
DA:33,1
DA:34,1
DA:35,1
DA:36,1
DA:38,0
DA:39,0
DA:41,1
DA:45,14
DA:46,1
DA:47,1
DA:48,1
DA:49,1
DA:50,1
DA:52,0
DA:54,1
DA:58,14
DA:60,14
DA:67,14
LF:36
LH:32
BRDA:21,0,0,0
BRDA:21,0,1,0
BRDA:29,1,0,1
BRDA:29,1,1,1
BRDA:38,2,0,0
BRDA:38,2,1,0
BRDA:52,3,0,0
BRDA:52,3,1,0
BRF:8
BRH:2
end_of_record
